2019-04-11 16:28:41.530 T:1937502784  NOTICE: -----------------------------------------------------------------------
2019-04-11 16:28:41.530 T:1937502784  NOTICE: Starting Kodi (18.9 (18.9.0) Git:newclock5_18.9-Leia). Platform: Linux ARM 32-bit
2019-04-11 16:28:41.531 T:1937502784  NOTICE: Using Release Kodi x32 build (version for Raspberry Pi)
2019-04-11 16:28:41.531 T:1937502784  NOTICE: Kodi compiled 2021-07-06 by GCC 8.3.0 for Linux ARM 32-bit version 4.19.127 (267135)
2019-04-11 16:28:41.531 T:1937502784  NOTICE: Running on LibreELEC (official): 9.2.8, kernel: Linux ARM 32-bit version 4.19.127
2019-04-11 16:28:41.531 T:1937502784  NOTICE: FFmpeg version/source: 4.0.4-Kodi
2019-04-11 16:28:41.531 T:1937502784  NOTICE: Host CPU: ARMv7 Processor rev 4 (v7l), 4 cores available
2019-04-11 16:28:41.531 T:1937502784  NOTICE: ARM Features: Neon enabled
2019-04-11 16:28:41.531 T:1937502784  NOTICE: special://xbmc/ is mapped to: /usr/share/kodi/
2019-04-11 16:28:41.531 T:1937502784  NOTICE: special://xbmcbin/ is mapped to: /usr/lib/kodi
2019-04-11 16:28:41.531 T:1937502784  NOTICE: special://xbmcbinaddons/ is mapped to: /usr/lib/kodi/addons
2019-04-11 16:28:41.531 T:1937502784  NOTICE: special://masterprofile/ is mapped to: /storage/.kodi/userdata
2019-04-11 16:28:41.531 T:1937502784  NOTICE: special://envhome/ is mapped to: /storage
2019-04-11 16:28:41.531 T:1937502784  NOTICE: special://home/ is mapped to: /storage/.kodi
2019-04-11 16:28:41.531 T:1937502784  NOTICE: special://temp/ is mapped to: /storage/.kodi/temp
2019-04-11 16:28:41.531 T:1937502784  NOTICE: special://logpath/ is mapped to: /storage/.kodi/temp
2019-04-11 16:28:41.531 T:1937502784  NOTICE: The executable running is: /usr/lib/kodi/kodi.bin
2019-04-11 16:28:41.531 T:1937502784  NOTICE: Local hostname: LibreELEC
2019-04-11 16:28:41.531 T:1937502784  NOTICE: Log File is located: /storage/.kodi/temp/kodi.log
2019-04-11 16:28:41.531 T:1937502784  NOTICE: -----------------------------------------------------------------------
2019-04-11 16:28:41.547 T:1937502784    INFO: loading settings
2019-04-11 16:28:41.548 T:1937502784  NOTICE: special://profile/ is mapped to: special://masterprofile/
2019-04-11 16:28:41.550 T:1937502784   DEBUG: CSkinSettings: no <skinsettings> tag found
2019-04-11 16:28:41.551 T:1937502784   ERROR: CDisplaySettings: settings file doesn't contain <resolutions>
2019-04-11 16:28:41.551 T:1937502784 WARNING: CViewStateSettings: no <viewstates> tag found
2019-04-11 16:28:41.551 T:1937502784  NOTICE: Loaded settings file from special://xbmc/system/advancedsettings.xml
2019-04-11 16:28:41.551 T:1937502784  NOTICE: Contents of special://xbmc/system/advancedsettings.xml are...
                                            <?xml version="1.0" encoding="utf-8" ?>
                                            <advancedsettings>
                                              <cputempcommand>/usr/bin/cputemp</cputempcommand>
                                              <gputempcommand>/usr/bin/gputemp</gputempcommand>
                                              <showexitbutton>false</showexitbutton>
                                              <remotedelay>1</remotedelay>
                                              <samba>
                                                <clienttimeout>30</clienttimeout>
                                              </samba>
                                              <fanartres>720</fanartres>
                                              <imageres>540</imageres>
                                            </advancedsettings>
2019-04-11 16:28:41.551 T:1937502784 WARNING: CSettingsManager: missing version attribute
2019-04-11 16:28:41.553 T:1937502784  NOTICE: No settings file to load (special://masterprofile/advancedsettings.xml)
2019-04-11 16:28:41.553 T:1937502784  NOTICE: Default Video Player: VideoPlayer
2019-04-11 16:28:41.553 T:1937502784  NOTICE: Default Audio Player: paplayer
2019-04-11 16:28:41.553 T:1937502784  NOTICE: Disabled debug logging due to GUI setting. Level 0.
2019-04-11 16:28:41.553 T:1937502784  NOTICE: Log level changed to "LOG_LEVEL_NORMAL"
2019-04-11 16:28:41.553 T:1937502784  NOTICE: CMediaSourceSettings: loading media sources from special://masterprofile/sources.xml
2019-04-11 16:28:41.556 T:1937502784   ERROR: CSettings: unable to load settings from special://masterprofile/guisettings.xml, creating new default settings
2019-04-11 16:28:41.597 T:1937502784  NOTICE: Loaded settings file from special://xbmc/system/advancedsettings.xml
2019-04-11 16:28:41.597 T:1937502784  NOTICE: Contents of special://xbmc/system/advancedsettings.xml are...
                                            <?xml version="1.0" encoding="utf-8" ?>
                                            <advancedsettings>
                                              <cputempcommand>/usr/bin/cputemp</cputempcommand>
                                              <gputempcommand>/usr/bin/gputemp</gputempcommand>
                                              <showexitbutton>false</showexitbutton>
                                              <remotedelay>1</remotedelay>
                                              <samba>
                                                <clienttimeout>30</clienttimeout>
                                              </samba>
                                              <fanartres>720</fanartres>
                                              <imageres>540</imageres>
                                            </advancedsettings>
2019-04-11 16:28:41.597 T:1937502784 WARNING: CSettingsManager: missing version attribute
2019-04-11 16:28:41.599 T:1937502784  NOTICE: No settings file to load (special://masterprofile/advancedsettings.xml)
2019-04-11 16:28:41.599 T:1937502784  NOTICE: Default Video Player: VideoPlayer
2019-04-11 16:28:41.599 T:1937502784  NOTICE: Default Audio Player: paplayer
2019-04-11 16:28:41.599 T:1937502784  NOTICE: Disabled debug logging due to GUI setting. Level 0.
2019-04-11 16:28:41.599 T:1937502784  NOTICE: Log level changed to "LOG_LEVEL_NORMAL"
2019-04-11 16:28:41.599 T:1937502784  NOTICE: CMediaSourceSettings: loading media sources from special://masterprofile/sources.xml
2019-04-11 16:28:41.773 T:1937502784  NOTICE: PulseAudio: Server found running - will try to use Pulse
2019-04-11 16:28:42.105 T:1937502784  NOTICE: ADDON: audioencoder.kodi.builtin.aac v1.0.0 installed
2019-04-11 16:28:42.105 T:1937502784  NOTICE: ADDON: audioencoder.kodi.builtin.wma v1.0.0 installed
2019-04-11 16:28:42.105 T:1937502784  NOTICE: ADDON: driver.dvb.crazycat v9.2.0.0 installed
2019-04-11 16:28:42.105 T:1937502784  NOTICE: ADDON: driver.dvb.dvb-latest v9.2.0.0 installed
2019-04-11 16:28:42.105 T:1937502784  NOTICE: ADDON: game.controller.default v1.0.8 installed
2019-04-11 16:28:42.105 T:1937502784  NOTICE: ADDON: game.controller.snes v1.0.8 installed
2019-04-11 16:28:42.105 T:1937502784  NOTICE: ADDON: kodi.binary.global.audioengine v1.0.1 installed
2019-04-11 16:28:42.105 T:1937502784  NOTICE: ADDON: kodi.binary.global.filesystem v1.0.2 installed
2019-04-11 16:28:42.105 T:1937502784  NOTICE: ADDON: kodi.binary.global.general v1.0.3 installed
2019-04-11 16:28:42.105 T:1937502784  NOTICE: ADDON: kodi.binary.global.gui v5.12.0 installed
2019-04-11 16:28:42.105 T:1937502784  NOTICE: ADDON: kodi.binary.global.main v1.0.14 installed
2019-04-11 16:28:42.105 T:1937502784  NOTICE: ADDON: kodi.binary.global.network v1.0.0 installed
2019-04-11 16:28:42.105 T:1937502784  NOTICE: ADDON: kodi.binary.instance.audiodecoder v2.0.0 installed
2019-04-11 16:28:42.105 T:1937502784  NOTICE: ADDON: kodi.binary.instance.audioencoder v2.0.0 installed
2019-04-11 16:28:42.105 T:1937502784  NOTICE: ADDON: kodi.binary.instance.game v1.1.0 installed
2019-04-11 16:28:42.105 T:1937502784  NOTICE: ADDON: kodi.binary.instance.imagedecoder v2.0.0 installed
2019-04-11 16:28:42.105 T:1937502784  NOTICE: ADDON: kodi.binary.instance.inputstream v2.0.8 installed
2019-04-11 16:28:42.105 T:1937502784  NOTICE: ADDON: kodi.binary.instance.peripheral v1.3.7 installed
2019-04-11 16:28:42.105 T:1937502784  NOTICE: ADDON: kodi.binary.instance.pvr v5.10.3 installed
2019-04-11 16:28:42.105 T:1937502784  NOTICE: ADDON: kodi.binary.instance.screensaver v2.0.0 installed
2019-04-11 16:28:42.105 T:1937502784  NOTICE: ADDON: kodi.binary.instance.vfs v2.0.0 installed
2019-04-11 16:28:42.105 T:1937502784  NOTICE: ADDON: kodi.binary.instance.videocodec v1.0.1 installed
2019-04-11 16:28:42.105 T:1937502784  NOTICE: ADDON: kodi.binary.instance.visualization v2.0.1 installed
2019-04-11 16:28:42.105 T:1937502784  NOTICE: ADDON: kodi.resource v1.0.0 installed
2019-04-11 16:28:42.105 T:1937502784  NOTICE: ADDON: metadata.album.universal v3.1.1 installed
2019-04-11 16:28:42.105 T:1937502784  NOTICE: ADDON: metadata.artists.universal v4.3.0 installed
2019-04-11 16:28:42.105 T:1937502784  NOTICE: ADDON: metadata.common.allmusic.com v3.2.0 installed
2019-04-11 16:28:42.106 T:1937502784  NOTICE: ADDON: metadata.common.fanart.tv v3.6.1 installed
2019-04-11 16:28:42.106 T:1937502784  NOTICE: ADDON: metadata.common.imdb.com v3.1.4 installed
2019-04-11 16:28:42.106 T:1937502784  NOTICE: ADDON: metadata.common.musicbrainz.org v2.2.1 installed
2019-04-11 16:28:42.106 T:1937502784  NOTICE: ADDON: metadata.common.theaudiodb.com v2.0.2 installed
2019-04-11 16:28:42.106 T:1937502784  NOTICE: ADDON: metadata.common.themoviedb.org v3.1.9 installed
2019-04-11 16:28:42.106 T:1937502784  NOTICE: ADDON: metadata.local v1.0.0 installed
2019-04-11 16:28:42.106 T:1937502784  NOTICE: ADDON: metadata.themoviedb.org v5.1.7 installed
2019-04-11 16:28:42.106 T:1937502784  NOTICE: ADDON: metadata.tvshows.themoviedb.org v3.1.0 installed
2019-04-11 16:28:42.106 T:1937502784  NOTICE: ADDON: os.libreelec.tv v9.2 installed
2019-04-11 16:28:42.106 T:1937502784  NOTICE: ADDON: os.openelec.tv v9.2 installed
2019-04-11 16:28:42.106 T:1937502784  NOTICE: ADDON: peripheral.joystick v1.4.9 installed
2019-04-11 16:28:42.106 T:1937502784  NOTICE: ADDON: repository.kodi.game v1.0.0 installed
2019-04-11 16:28:42.106 T:1937502784  NOTICE: ADDON: repository.libreelec.tv v9.2.0 installed
2019-04-11 16:28:42.106 T:1937502784  NOTICE: ADDON: repository.xbmc.org v3.1.6 installed
2019-04-11 16:28:42.106 T:1937502784  NOTICE: ADDON: resource.images.weathericons.default v1.1.8 installed
2019-04-11 16:28:42.106 T:1937502784  NOTICE: ADDON: resource.language.en_gb v2.0.1 installed
2019-04-11 16:28:42.106 T:1937502784  NOTICE: ADDON: resource.uisounds.kodi v1.0.0 installed
2019-04-11 16:28:42.106 T:1937502784  NOTICE: ADDON: screensaver.xbmc.builtin.black v1.0.33 installed
2019-04-11 16:28:42.106 T:1937502784  NOTICE: ADDON: screensaver.xbmc.builtin.dim v1.0.59 installed
2019-04-11 16:28:42.106 T:1937502784  NOTICE: ADDON: script.module.pil v1.1.7 installed
2019-04-11 16:28:42.106 T:1937502784  NOTICE: ADDON: script.module.pycryptodome v3.4.3 installed
2019-04-11 16:28:42.106 T:1937502784  NOTICE: ADDON: script.program.driverselect v0.1.6 installed
2019-04-11 16:28:42.106 T:1937502784  NOTICE: ADDON: service.libreelec.settings v9.0.0 installed
2019-04-11 16:28:42.106 T:1937502784  NOTICE: ADDON: skin.estuary v2.0.27 installed
2019-04-11 16:28:42.106 T:1937502784  NOTICE: ADDON: webinterface.default v18.x-2.4.6 installed
2019-04-11 16:28:42.106 T:1937502784  NOTICE: ADDON: xbmc.addon v18.9 installed
2019-04-11 16:28:42.106 T:1937502784  NOTICE: ADDON: xbmc.core v0.1.0 installed
2019-04-11 16:28:42.106 T:1937502784  NOTICE: ADDON: xbmc.gui v5.14.0 installed
2019-04-11 16:28:42.106 T:1937502784  NOTICE: ADDON: xbmc.json v10.3.0 installed
2019-04-11 16:28:42.106 T:1937502784  NOTICE: ADDON: xbmc.metadata v2.1.0 installed
2019-04-11 16:28:42.106 T:1937502784  NOTICE: ADDON: xbmc.python v2.26.0 installed
2019-04-11 16:28:42.106 T:1937502784  NOTICE: ADDON: xbmc.webinterface v1.0.0 installed
2019-04-11 16:28:42.184 T:1937502784   ERROR: DBus error: org.freedesktop.DBus.Error.ServiceUnknown - The name org.freedesktop.UPower was not provided by any .service files
2019-04-11 16:28:42.224 T:1916793728 WARNING: Pulseaudio module module-allow-passthrough not loaded - opening PT devices might fail
2019-04-11 16:28:42.225 T:1916793728  NOTICE: Found 2 Lists of Devices
2019-04-11 16:28:42.225 T:1916793728  NOTICE: Enumerated PI devices:
2019-04-11 16:28:42.225 T:1916793728  NOTICE:     Device 1
2019-04-11 16:28:42.226 T:1916793728  NOTICE:         m_deviceName      : HDMI
2019-04-11 16:28:42.226 T:1916793728  NOTICE:         m_displayName     : HDMI
2019-04-11 16:28:42.226 T:1916793728  NOTICE:         m_displayNameExtra:
2019-04-11 16:28:42.226 T:1916793728  NOTICE:         m_deviceType      : AE_DEVTYPE_HDMI
2019-04-11 16:28:42.226 T:1916793728  NOTICE:         m_channels        : FL, FR
2019-04-11 16:28:42.226 T:1916793728  NOTICE:         m_sampleRates     : 8000,11025,16000,22050,24000,32000,44100,48000,88200,96000,176400,192000
2019-04-11 16:28:42.226 T:1916793728  NOTICE:         m_dataFormats     : AE_FMT_FLOAT,AE_FMT_S32NE,AE_FMT_S16NE,AE_FMT_S32LE,AE_FMT_S16LE,AE_FMT_FLOATP,AE_FMT_S32NEP,AE_FMT_S16NEP,AE_FMT_RAW
2019-04-11 16:28:42.226 T:1916793728  NOTICE:         m_streamTypes     : STREAM_TYPE_AC3,STREAM_TYPE_EAC3,STREAM_TYPE_DTSHD_CORE,STREAM_TYPE_DTS_2048,STREAM_TYPE_DTS_1024,STREAM_TYPE_DTS_512
2019-04-11 16:28:42.226 T:1916793728  NOTICE:     Device 2
2019-04-11 16:28:42.226 T:1916793728  NOTICE:         m_deviceName      : Analogue
2019-04-11 16:28:42.226 T:1916793728  NOTICE:         m_displayName     : Analogue
2019-04-11 16:28:42.226 T:1916793728  NOTICE:         m_displayNameExtra:
2019-04-11 16:28:42.226 T:1916793728  NOTICE:         m_deviceType      : AE_DEVTYPE_PCM
2019-04-11 16:28:42.226 T:1916793728  NOTICE:         m_channels        : FL, FR
2019-04-11 16:28:42.226 T:1916793728  NOTICE:         m_sampleRates     : 48000
2019-04-11 16:28:42.226 T:1916793728  NOTICE:         m_dataFormats     : AE_FMT_FLOAT,AE_FMT_S32LE,AE_FMT_S16LE,AE_FMT_FLOATP,AE_FMT_S32NEP,AE_FMT_S16NEP
2019-04-11 16:28:42.226 T:1916793728  NOTICE:         m_streamTypes     : No passthrough capabilities
2019-04-11 16:28:42.226 T:1916793728  NOTICE:     Device 3
2019-04-11 16:28:42.226 T:1916793728  NOTICE:         m_deviceName      : Both
2019-04-11 16:28:42.226 T:1916793728  NOTICE:         m_displayName     : HDMI and Analogue
2019-04-11 16:28:42.226 T:1916793728  NOTICE:         m_displayNameExtra:
2019-04-11 16:28:42.226 T:1916793728  NOTICE:         m_deviceType      : AE_DEVTYPE_PCM
2019-04-11 16:28:42.226 T:1916793728  NOTICE:         m_channels        : FL, FR
2019-04-11 16:28:42.226 T:1916793728  NOTICE:         m_sampleRates     : 48000
2019-04-11 16:28:42.226 T:1916793728  NOTICE:         m_dataFormats     : AE_FMT_FLOAT,AE_FMT_S32LE,AE_FMT_S16LE,AE_FMT_FLOATP,AE_FMT_S32NEP,AE_FMT_S16NEP
2019-04-11 16:28:42.226 T:1916793728  NOTICE:         m_streamTypes     : No passthrough capabilities
2019-04-11 16:28:42.226 T:1916793728  NOTICE: Enumerated PULSE devices:
2019-04-11 16:28:42.226 T:1916793728  NOTICE:     Device 1
2019-04-11 16:28:42.227 T:1916793728  NOTICE:         m_deviceName      : Default
2019-04-11 16:28:42.227 T:1916793728  NOTICE:         m_displayName     : Default
2019-04-11 16:28:42.227 T:1916793728  NOTICE:         m_displayNameExtra: Bluetooth Audio (PULSEAUDIO)
2019-04-11 16:28:42.227 T:1916793728  NOTICE:         m_deviceType      : AE_DEVTYPE_PCM
2019-04-11 16:28:42.227 T:1916793728  NOTICE:         m_channels        : FL, FR
2019-04-11 16:28:42.227 T:1916793728  NOTICE:         m_sampleRates     : 5512,8000,11025,16000,22050,32000,44100,48000,64000,88200,96000,176400,192000,384000
2019-04-11 16:28:42.227 T:1916793728  NOTICE:         m_dataFormats     : AE_FMT_U8,AE_FMT_S16NE,AE_FMT_S24NE3,AE_FMT_S24NE4,AE_FMT_S32NE,AE_FMT_FLOAT
2019-04-11 16:28:42.227 T:1916793728  NOTICE:         m_streamTypes     : No passthrough capabilities
2019-04-11 16:28:42.290 T:1937502784  NOTICE: Raspberry PI firmware version: Apr 15 2020 11:44:24 
                                            Copyright (c) 2012 Broadcom
                                            version 82f9bb929ce2186eb1824178c1ae82902ad6275c (clean) (release) (start_x)
2019-04-11 16:28:42.290 T:1937502784  NOTICE: ARM mem: 768MB GPU mem: 256MB MPG2:0 WVC1:0
2019-04-11 16:28:42.291 T:1937502784  NOTICE: cache.memorysize: 20MB
2019-04-11 16:28:42.291 T:1937502784  NOTICE: Config:
                                            aphy_params_current=819
                                            arm_freq=1400
                                            audio_pwm_mode=514
                                            config_hdmi_boost=5
                                            core_freq=400
                                            desired_osc_freq=0x331df0
                                            desired_osc_freq_boost=0x3c45b0
                                            disable_commandline_tags=2
                                            disable_l2cache=1
                                            display_hdmi_rotate=-1
                                            display_lcd_rotate=-1
                                            dphy_params_current=547
                                            force_eeprom_read=1
                                            force_pwm_open=1
                                            framebuffer_ignore_alpha=1
                                            framebuffer_swap=1
                                            gpu_freq=300
                                            hdmi_channel_map=8
                                            init_uart_clock=0x2dc6c00
                                            lcd_framerate=60
                                            over_voltage_avs=62500
                                            over_voltage_avs_boost=0x2932e
                                            pause_burst_frames=1
                                            program_serial_random=1
                                            sdram_freq=450
                                            hdmi_force_cec_address:0=65535
                                            hdmi_force_cec_address:1=65535
                                            hdmi_ignore_cec_init:0=1
                                            hdmi_pixel_freq_limit:0=0x9a7ec80
                                            hdmi_pixel_freq_limit:1=0x9a7ec80
2019-04-11 16:28:42.291 T:1937502784  NOTICE: Config:
                                            device_tree=-
                                            overlay_prefix=overlays/
                                            hdmi_cvt:0=
                                            hdmi_cvt:1=
                                            hdmi_edid_filename:0=
                                            hdmi_edid_filename:1=
                                            hdmi_timings:0=
                                            hdmi_timings:1=
2019-04-11 16:28:42.292 T:1937502784  NOTICE: Found resolution 640 x 480 with 640 x 480 @ 60.000000 Hz
2019-04-11 16:28:42.292 T:1937502784  NOTICE: Found resolution 640 x 480 with 640 x 480 @ 59.940063 Hz
2019-04-11 16:28:42.293 T:1937502784  NOTICE: Found resolution 800 x 600 with 800 x 600 @ 60.000000 Hz
2019-04-11 16:28:42.293 T:1937502784  NOTICE: Found resolution 800 x 600 with 800 x 600 @ 59.940063 Hz
2019-04-11 16:28:42.293 T:1937502784  NOTICE: Found resolution 1024 x 768 with 1024 x 768 @ 60.000000 Hz
2019-04-11 16:28:42.293 T:1937502784  NOTICE: Found resolution 1024 x 768 with 1024 x 768 @ 59.940063 Hz
2019-04-11 16:28:42.293 T:1937502784  NOTICE: Found resolution 1280 x 1024 with 1280 x 1024 @ 60.000000 Hz
2019-04-11 16:28:42.293 T:1937502784  NOTICE: Found resolution 1280 x 1024 with 1280 x 1024 @ 59.940063 Hz
2019-04-11 16:28:42.293 T:1937502784  NOTICE: Found resolution 1440 x 900 with 1440 x 900 @ 60.000000 Hz
2019-04-11 16:28:42.293 T:1937502784  NOTICE: Found resolution 1440 x 900 with 1440 x 900 @ 59.940063 Hz
2019-04-11 16:28:42.293 T:1937502784  NOTICE: Found resolution 1680 x 1050 with 1680 x 1050 @ 60.000000 Hz
2019-04-11 16:28:42.293 T:1937502784  NOTICE: Found resolution 1680 x 1050 with 1680 x 1050 @ 59.940063 Hz
2019-04-11 16:28:42.293 T:1937502784  NOTICE: Found resolution 1920 x 1080 with 1920 x 1080 @ 60.000000 Hz
2019-04-11 16:28:42.293 T:1937502784  NOTICE: Found resolution 1920 x 1080 with 1920 x 1080 @ 59.940063 Hz
2019-04-11 16:28:42.293 T:1937502784  NOTICE: Found resolution 1600 x 900 with 1600 x 900 @ 60.000000 Hz
2019-04-11 16:28:42.293 T:1937502784  NOTICE: Found resolution 1600 x 900 with 1600 x 900 @ 59.940063 Hz
2019-04-11 16:28:42.293 T:1937502784  NOTICE: Found resolution 720 x 480 with 720 x 480 @ 60.000000 Hz
2019-04-11 16:28:42.293 T:1937502784  NOTICE: Found resolution 720 x 480 with 720 x 480 @ 59.940063 Hz
2019-04-11 16:28:42.293 T:1937502784  NOTICE: Found resolution 1280 x 720 with 1280 x 720 @ 60.000000 Hz
2019-04-11 16:28:42.293 T:1937502784  NOTICE: Found resolution 1280 x 720 with 1280 x 720 @ 59.940063 Hz
2019-04-11 16:28:42.293 T:1937502784  NOTICE: Found resolution 720 x 576 with 720 x 576 @ 50.000000 Hz
2019-04-11 16:28:42.293 T:1937502784  NOTICE: Found resolution 1280 x 720 with 1280 x 720 @ 50.000000 Hz
2019-04-11 16:28:42.293 T:1937502784  NOTICE: Found resolution 1920 x 1080 with 1920 x 1080 @ 50.000000 Hz
2019-04-11 16:28:42.293 T:1937502784  NOTICE: Found (1920x1080@60.000000) at 28, setting to RES_DESKTOP at 16
2019-04-11 16:28:42.294 T:1937502784  NOTICE: EGL_VERSION = 1.4
2019-04-11 16:28:42.294 T:1937502784  NOTICE: EGL_VENDOR = Broadcom
2019-04-11 16:28:42.294 T:1937502784  NOTICE: EGL_EXTENSIONS = EGL_KHR_image EGL_KHR_image_base EGL_KHR_image_pixmap EGL_KHR_vg_parent_image EGL_KHR_gl_texture_2D_image EGL_KHR_gl_texture_cubemap_image EGL_KHR_lock_surface
2019-04-11 16:28:42.294 T:1937502784  NOTICE: EGL_CLIENT_EXTENSIONS = NULL
2019-04-11 16:28:42.295 T:1937502784  NOTICE: Checking resolution 16
2019-04-11 16:28:42.576 T:1937502784  NOTICE: GL_VENDOR = Broadcom
2019-04-11 16:28:42.576 T:1937502784  NOTICE: GL_RENDERER = VideoCore IV HW
2019-04-11 16:28:42.576 T:1937502784  NOTICE: GL_VERSION = OpenGL ES 2.0
2019-04-11 16:28:42.576 T:1937502784  NOTICE: GL_SHADING_LANGUAGE_VERSION = OpenGL ES GLSL ES 1.00
2019-04-11 16:28:42.576 T:1937502784  NOTICE: GL_EXTENSIONS = GL_OES_compressed_ETC1_RGB8_texture GL_OES_compressed_paletted_texture GL_OES_texture_npot GL_OES_depth24 GL_OES_vertex_half_float GL_OES_EGL_image GL_OES_EGL_image_external GL_EXT_discard_framebuffer GL_OES_rgb8_rgba8 GL_OES_depth32 GL_OES_mapbuffer GL_EXT_texture_format_BGRA8888 GL_APPLE_rgb_422 GL_EXT_debug_marker
2019-04-11 16:28:43.132 T:1937502784 WARNING: COMXImageFile::GetCodingType progressive images not supported by decoder
2019-04-11 16:28:43.132 T:1937502784  NOTICE: LoadJpeg: unable to load /usr/share/kodi/media/splash.jpg
2019-04-11 16:28:44.001 T:1807721344  NOTICE: Running database version Addons27
2019-04-11 16:28:46.110 T:1937502784  NOTICE: start dvd mediatype detection
2019-04-11 16:28:46.197 T:1937502784  NOTICE:   load skin from: /usr/share/kodi/addons/skin.estuary (version: 2.0.27)
2019-04-11 16:28:47.030 T:1937502784 WARNING: JSONRPC: Could not parse type "Setting.Details.SettingList"
2019-04-11 16:28:47.118 T:1937502784  NOTICE: Register - new keyboard device registered on application->keyboard: Keyboard (0000:0000)
2019-04-11 16:28:47.119 T:1937502784  NOTICE: Register - new mouse device registered on application->mouse: Mouse (0000:0000)
2019-04-11 16:28:47.128 T:1937502784  NOTICE: Loading player core factory settings from special://xbmc/system/playercorefactory.xml.
2019-04-11 16:28:47.132 T:1937502784  NOTICE: Loaded playercorefactory configuration
2019-04-11 16:28:47.132 T:1937502784  NOTICE: Loading player core factory settings from special://masterprofile/playercorefactory.xml.
2019-04-11 16:28:47.132 T:1937502784  NOTICE: special://masterprofile/playercorefactory.xml does not exist. Skipping.
2019-04-11 16:28:47.170 T:1937502784  NOTICE: initialize done
2019-04-11 16:28:47.170 T:1937502784  NOTICE: Running the application...
2019-04-11 16:28:47.194 T:1937502784  NOTICE: starting zeroconf publishing
2019-04-11 16:28:47.196 T:1937502784  NOTICE: CWebServer[8080]: Started
2019-04-11 16:28:47.197 T:1690223488  NOTICE: ES: Starting UDP Event server on port 9777
2019-04-11 16:28:47.197 T:1690223488  NOTICE: UDP: Listening on port 9777 (ipv6 : false)
2019-04-11 16:28:47.207 T:1807721344   ERROR: CCurlFile::FillBuffer - Failed: Couldn't resolve host name(6)
2019-04-11 16:28:47.207 T:1807721344   ERROR: CCurlFile::Open failed with code 0 for https://raw.githubusercontent.com/kodi-game/repository.kodi.game/master/release/addons.xml.md5:
2019-04-11 16:28:47.208 T:1807721344   ERROR: Open - failed to open source <https://raw.githubusercontent.com/kodi-game/repository.kodi.game/master/release/addons.xml.md5>
2019-04-11 16:28:47.208 T:1807721344   ERROR: CRepository: failed read 'https://raw.githubusercontent.com/kodi-game/repository.kodi.game/master/release/addons.xml.md5'
2019-04-11 16:28:47.214 T:1790935936   ERROR: CCurlFile::FillBuffer - Failed: Couldn't resolve host name(6)
2019-04-11 16:28:47.214 T:1790935936   ERROR: CCurlFile::Open failed with code 0 for https://addons.libreelec.tv/9.2.0/RPi2/arm/addons.xml.gz.sha256:
2019-04-11 16:28:47.214 T:1790935936   ERROR: Open - failed to open source <https://addons.libreelec.tv/9.2.0/RPi2/arm/addons.xml.gz.sha256>
2019-04-11 16:28:47.214 T:1790935936   ERROR: CRepository: failed read 'https://addons.libreelec.tv/9.2.0/RPi2/arm/addons.xml.gz.sha256'
2019-04-11 16:28:47.349 T:1782543232   ERROR: CCurlFile::FillBuffer - Failed: Couldn't resolve host name(6)
2019-04-11 16:28:47.349 T:1782543232   ERROR: CCurlFile::Open failed with code 0 for http://mirrors.kodi.tv/addons/leia/addons.xml.gz?sha256:
2019-04-11 16:28:47.349 T:1782543232   ERROR: Open - failed to open source <http://mirrors.kodi.tv/addons/leia/addons.xml.gz?sha256>
2019-04-11 16:28:47.349 T:1782543232   ERROR: CRepository: failed read 'http://mirrors.kodi.tv/addons/leia/addons.xml.gz?sha256'
2019-04-11 16:28:47.485 T:1757365120  NOTICE: Register - new cec device registered on cec->RPI: CEC Adapter (2708:1001)
2019-04-11 16:28:48.431 T:1723794304   ERROR: ## LibreELEC Addon ## oe::load_url(http://releases.libreelec.tv/releases.json) ## ERROR: (URLError(gaierror(-3, 'Temporary failure in name resolution'),))
2019-04-11 16:28:48.432 T:1723794304   ERROR: Traceback (most recent call last):
                                              File "/var/lib/jenkins/LE/build4/workspace/RPi2/LibreELEC.tv/build.LibreELEC-RPi2.arm-9.2.8/LibreELEC-settings-67f0b7ffbdee07283c751190bf6bda979ac28b9f/.install_pkg/usr/share/kodi/addons/service.libreelec.settings/oe.py", line 362, in load_url
                                              File "/usr/lib/python2.7/urllib2.py", line 154, in urlopen
                                              File "/usr/lib/python2.7/urllib2.py", line 429, in open
                                              File "/usr/lib/python2.7/urllib2.py", line 447, in _open
                                              File "/usr/lib/python2.7/urllib2.py", line 407, in _call_chain
                                              File "/usr/lib/python2.7/urllib2.py", line 1228, in http_open
                                              File "/usr/lib/python2.7/urllib2.py", line 1198, in do_open
                                            URLError: <urlopen error [Errno -3] Temporary failure in name resolution>
2019-04-11 16:28:48.478 T:1652548480   ERROR: ## LibreELEC Addon ## oe::load_url(https://update.libreelec.tv/updates.php?i=4b21a6b0f8ef089baf8855a45caf6b34&d=LibreELEC&pa=RPi2.arm&v=9.2.8&f=raspberrypi%2C3-model-b-plus-1g) ## ERROR: (URLError(gaierror(-3, 'Temporary failure in name resolution'),))
2019-04-11 16:28:48.479 T:1652548480   ERROR: Traceback (most recent call last):
                                              File "/var/lib/jenkins/LE/build4/workspace/RPi2/LibreELEC.tv/build.LibreELEC-RPi2.arm-9.2.8/LibreELEC-settings-67f0b7ffbdee07283c751190bf6bda979ac28b9f/.install_pkg/usr/share/kodi/addons/service.libreelec.settings/oe.py", line 362, in load_url
                                              File "/usr/lib/python2.7/urllib2.py", line 154, in urlopen
                                              File "/usr/lib/python2.7/urllib2.py", line 429, in open
                                              File "/usr/lib/python2.7/urllib2.py", line 447, in _open
                                              File "/usr/lib/python2.7/urllib2.py", line 407, in _call_chain
                                              File "/usr/lib/python2.7/urllib2.py", line 1241, in https_open
                                              File "/usr/lib/python2.7/urllib2.py", line 1198, in do_open
                                            URLError: <urlopen error [Errno -3] Temporary failure in name resolution>
2019-04-11 16:28:48.484 T:1652548480   ERROR: ## LibreELEC Addon ## updates::check_updates_v2 ## ERROR: (TypeError('expected string or buffer',))
2019-04-11 16:28:48.486 T:1652548480   ERROR: Traceback (most recent call last):
                                              File "/var/lib/jenkins/LE/build4/workspace/RPi2/LibreELEC.tv/build.LibreELEC-RPi2.arm-9.2.8/LibreELEC-settings-67f0b7ffbdee07283c751190bf6bda979ac28b9f/.install_pkg/usr/share/kodi/addons/service.libreelec.settings/resources/lib/modules/updates.py", line 556, in check_updates_v2
                                              File "/usr/lib/python2.7/json/__init__.py", line 339, in loads
                                              File "/usr/lib/python2.7/json/decoder.py", line 364, in decode
                                            TypeError: expected string or buffer
2019-04-11 16:28:48.552 T:1937502784   ERROR: Control 1500 in window 13001 has been asked to focus, but it can't
2019-04-11 16:30:27.918 T:1644155776   ERROR: ## LibreELEC Addon ## connman::dbus_error_handler ## ERROR: (Did not receive a reply. Possible causes include: the remote application did not send a reply, the message bus security policy blocked the reply, the reply timeout expired, or the network connection was broken.)
2022-01-17 19:16:36.248 T:1937502784 WARNING: CLangInfo: could not find language add-on 'resource.language.de_de', loading default..
2022-01-17 19:16:36.405 T:1937502784  NOTICE:   load skin from: /usr/share/kodi/addons/skin.estuary (version: 2.0.27)
2022-01-17 19:16:37.318 T:1937502784  NOTICE: LoadJpeg: unable to load /usr/share/kodi/addons/service.libreelec.settings/resources/skins/Default/media/bg.jpg
2022-01-17 19:16:43.726 T:1563063168  NOTICE: ADDON: audioencoder.kodi.builtin.aac v1.0.0 installed
2022-01-17 19:16:43.726 T:1563063168  NOTICE: ADDON: audioencoder.kodi.builtin.wma v1.0.0 installed
2022-01-17 19:16:43.726 T:1563063168  NOTICE: ADDON: driver.dvb.crazycat v9.2.0.0 installed
2022-01-17 19:16:43.727 T:1563063168  NOTICE: ADDON: driver.dvb.dvb-latest v9.2.0.0 installed
2022-01-17 19:16:43.727 T:1563063168  NOTICE: ADDON: game.controller.default v1.0.8 installed
2022-01-17 19:16:43.727 T:1563063168  NOTICE: ADDON: game.controller.snes v1.0.8 installed
2022-01-17 19:16:43.727 T:1563063168  NOTICE: ADDON: kodi.binary.global.audioengine v1.0.1 installed
2022-01-17 19:16:43.727 T:1563063168  NOTICE: ADDON: kodi.binary.global.filesystem v1.0.2 installed
2022-01-17 19:16:43.727 T:1563063168  NOTICE: ADDON: kodi.binary.global.general v1.0.3 installed
2022-01-17 19:16:43.727 T:1563063168  NOTICE: ADDON: kodi.binary.global.gui v5.12.0 installed
2022-01-17 19:16:43.727 T:1563063168  NOTICE: ADDON: kodi.binary.global.main v1.0.14 installed
2022-01-17 19:16:43.727 T:1563063168  NOTICE: ADDON: kodi.binary.global.network v1.0.0 installed
2022-01-17 19:16:43.727 T:1563063168  NOTICE: ADDON: kodi.binary.instance.audiodecoder v2.0.0 installed
2022-01-17 19:16:43.727 T:1563063168  NOTICE: ADDON: kodi.binary.instance.audioencoder v2.0.0 installed
2022-01-17 19:16:43.727 T:1563063168  NOTICE: ADDON: kodi.binary.instance.game v1.1.0 installed
2022-01-17 19:16:43.727 T:1563063168  NOTICE: ADDON: kodi.binary.instance.imagedecoder v2.0.0 installed
2022-01-17 19:16:43.727 T:1563063168  NOTICE: ADDON: kodi.binary.instance.inputstream v2.0.8 installed
2022-01-17 19:16:43.727 T:1563063168  NOTICE: ADDON: kodi.binary.instance.peripheral v1.3.7 installed
2022-01-17 19:16:43.727 T:1563063168  NOTICE: ADDON: kodi.binary.instance.pvr v5.10.3 installed
2022-01-17 19:16:43.727 T:1563063168  NOTICE: ADDON: kodi.binary.instance.screensaver v2.0.0 installed
2022-01-17 19:16:43.727 T:1563063168  NOTICE: ADDON: kodi.binary.instance.vfs v2.0.0 installed
2022-01-17 19:16:43.727 T:1563063168  NOTICE: ADDON: kodi.binary.instance.videocodec v1.0.1 installed
2022-01-17 19:16:43.727 T:1563063168  NOTICE: ADDON: kodi.binary.instance.visualization v2.0.1 installed
2022-01-17 19:16:43.728 T:1563063168  NOTICE: ADDON: kodi.resource v1.0.0 installed
2022-01-17 19:16:43.728 T:1563063168  NOTICE: ADDON: metadata.album.universal v3.1.1 installed
2022-01-17 19:16:43.728 T:1563063168  NOTICE: ADDON: metadata.artists.universal v4.3.0 installed
2022-01-17 19:16:43.728 T:1563063168  NOTICE: ADDON: metadata.common.allmusic.com v3.2.0 installed
2022-01-17 19:16:43.728 T:1563063168  NOTICE: ADDON: metadata.common.fanart.tv v3.6.1 installed
2022-01-17 19:16:43.728 T:1563063168  NOTICE: ADDON: metadata.common.imdb.com v3.2.4 installed
2022-01-17 19:16:43.728 T:1563063168  NOTICE: ADDON: metadata.common.musicbrainz.org v2.2.1 installed
2022-01-17 19:16:43.728 T:1563063168  NOTICE: ADDON: metadata.common.theaudiodb.com v2.0.2 installed
2022-01-17 19:16:43.728 T:1563063168  NOTICE: ADDON: metadata.common.themoviedb.org v3.1.9 installed
2022-01-17 19:16:43.728 T:1563063168  NOTICE: ADDON: metadata.local v1.0.0 installed
2022-01-17 19:16:43.729 T:1563063168  NOTICE: ADDON: metadata.themoviedb.org v5.1.7 installed
2022-01-17 19:16:43.729 T:1563063168  NOTICE: ADDON: metadata.tvshows.themoviedb.org v3.1.0 installed
2022-01-17 19:16:43.729 T:1563063168  NOTICE: ADDON: os.libreelec.tv v9.2 installed
2022-01-17 19:16:43.729 T:1563063168  NOTICE: ADDON: os.openelec.tv v9.2 installed
2022-01-17 19:16:43.729 T:1563063168  NOTICE: ADDON: peripheral.joystick v1.4.9 installed
2022-01-17 19:16:43.729 T:1563063168  NOTICE: ADDON: repository.kodi.game v1.0.0 installed
2022-01-17 19:16:43.729 T:1563063168  NOTICE: ADDON: repository.libreelec.tv v9.2.0 installed
2022-01-17 19:16:43.729 T:1563063168  NOTICE: ADDON: repository.xbmc.org v3.1.6 installed
2022-01-17 19:16:43.729 T:1563063168  NOTICE: ADDON: resource.images.weathericons.default v1.1.8 installed
2022-01-17 19:16:43.729 T:1563063168  NOTICE: ADDON: resource.language.en_gb v2.0.1 installed
2022-01-17 19:16:43.729 T:1563063168  NOTICE: ADDON: resource.uisounds.kodi v1.0.0 installed
2022-01-17 19:16:43.729 T:1563063168  NOTICE: ADDON: screensaver.xbmc.builtin.black v1.0.33 installed
2022-01-17 19:16:43.729 T:1563063168  NOTICE: ADDON: screensaver.xbmc.builtin.dim v1.0.59 installed
2022-01-17 19:16:43.729 T:1563063168  NOTICE: ADDON: script.module.pil v1.1.7 installed
2022-01-17 19:16:43.729 T:1563063168  NOTICE: ADDON: script.module.pycryptodome v3.4.3 installed
2022-01-17 19:16:43.729 T:1563063168  NOTICE: ADDON: script.program.driverselect v0.1.6 installed
2022-01-17 19:16:43.729 T:1563063168  NOTICE: ADDON: service.libreelec.settings v9.0.0 installed
2022-01-17 19:16:43.729 T:1563063168  NOTICE: ADDON: skin.estuary v2.0.27 installed
2022-01-17 19:16:43.729 T:1563063168  NOTICE: ADDON: webinterface.default v18.x-2.4.6 installed
2022-01-17 19:16:43.729 T:1563063168  NOTICE: ADDON: xbmc.addon v18.9 installed
2022-01-17 19:16:43.729 T:1563063168  NOTICE: ADDON: xbmc.core v0.1.0 installed
2022-01-17 19:16:43.729 T:1563063168  NOTICE: ADDON: xbmc.gui v5.14.0 installed
2022-01-17 19:16:43.729 T:1563063168  NOTICE: ADDON: xbmc.json v10.3.0 installed
2022-01-17 19:16:43.729 T:1563063168  NOTICE: ADDON: xbmc.metadata v2.1.0 installed
2022-01-17 19:16:43.729 T:1563063168  NOTICE: ADDON: xbmc.python v2.26.0 installed
2022-01-17 19:16:43.729 T:1563063168  NOTICE: ADDON: xbmc.webinterface v1.0.0 installed
2022-01-17 19:16:44.100 T:1554670464  NOTICE: ADDON: audioencoder.kodi.builtin.aac v1.0.0 installed
2022-01-17 19:16:44.100 T:1554670464  NOTICE: ADDON: audioencoder.kodi.builtin.wma v1.0.0 installed
2022-01-17 19:16:44.100 T:1554670464  NOTICE: ADDON: driver.dvb.crazycat v9.2.0.0 installed
2022-01-17 19:16:44.100 T:1554670464  NOTICE: ADDON: driver.dvb.dvb-latest v9.2.0.0 installed
2022-01-17 19:16:44.100 T:1554670464  NOTICE: ADDON: game.controller.default v1.0.8 installed
2022-01-17 19:16:44.100 T:1554670464  NOTICE: ADDON: game.controller.snes v1.0.8 installed
2022-01-17 19:16:44.100 T:1554670464  NOTICE: ADDON: kodi.binary.global.audioengine v1.0.1 installed
2022-01-17 19:16:44.100 T:1554670464  NOTICE: ADDON: kodi.binary.global.filesystem v1.0.2 installed
2022-01-17 19:16:44.100 T:1554670464  NOTICE: ADDON: kodi.binary.global.general v1.0.3 installed
2022-01-17 19:16:44.100 T:1554670464  NOTICE: ADDON: kodi.binary.global.gui v5.12.0 installed
2022-01-17 19:16:44.100 T:1554670464  NOTICE: ADDON: kodi.binary.global.main v1.0.14 installed
2022-01-17 19:16:44.101 T:1554670464  NOTICE: ADDON: kodi.binary.global.network v1.0.0 installed
2022-01-17 19:16:44.101 T:1554670464  NOTICE: ADDON: kodi.binary.instance.audiodecoder v2.0.0 installed
2022-01-17 19:16:44.101 T:1554670464  NOTICE: ADDON: kodi.binary.instance.audioencoder v2.0.0 installed
2022-01-17 19:16:44.101 T:1554670464  NOTICE: ADDON: kodi.binary.instance.game v1.1.0 installed
2022-01-17 19:16:44.101 T:1554670464  NOTICE: ADDON: kodi.binary.instance.imagedecoder v2.0.0 installed
2022-01-17 19:16:44.101 T:1554670464  NOTICE: ADDON: kodi.binary.instance.inputstream v2.0.8 installed
2022-01-17 19:16:44.101 T:1554670464  NOTICE: ADDON: kodi.binary.instance.peripheral v1.3.7 installed
2022-01-17 19:16:44.101 T:1554670464  NOTICE: ADDON: kodi.binary.instance.pvr v5.10.3 installed
2022-01-17 19:16:44.101 T:1554670464  NOTICE: ADDON: kodi.binary.instance.screensaver v2.0.0 installed
2022-01-17 19:16:44.101 T:1554670464  NOTICE: ADDON: kodi.binary.instance.vfs v2.0.0 installed
2022-01-17 19:16:44.101 T:1554670464  NOTICE: ADDON: kodi.binary.instance.videocodec v1.0.1 installed
2022-01-17 19:16:44.101 T:1554670464  NOTICE: ADDON: kodi.binary.instance.visualization v2.0.1 installed
2022-01-17 19:16:44.101 T:1554670464  NOTICE: ADDON: kodi.resource v1.0.0 installed
2022-01-17 19:16:44.101 T:1554670464  NOTICE: ADDON: metadata.album.universal v3.1.1 installed
2022-01-17 19:16:44.101 T:1554670464  NOTICE: ADDON: metadata.artists.universal v4.3.0 installed
2022-01-17 19:16:44.101 T:1554670464  NOTICE: ADDON: metadata.common.allmusic.com v3.2.0 installed
2022-01-17 19:16:44.101 T:1554670464  NOTICE: ADDON: metadata.common.fanart.tv v3.6.1 installed
2022-01-17 19:16:44.101 T:1554670464  NOTICE: ADDON: metadata.common.imdb.com v3.2.4 installed
2022-01-17 19:16:44.101 T:1554670464  NOTICE: ADDON: metadata.common.musicbrainz.org v2.2.4 installed
2022-01-17 19:16:44.101 T:1554670464  NOTICE: ADDON: metadata.common.theaudiodb.com v2.0.3 installed
2022-01-17 19:16:44.101 T:1554670464  NOTICE: ADDON: metadata.common.themoviedb.org v3.1.9 installed
2022-01-17 19:16:44.101 T:1554670464  NOTICE: ADDON: metadata.local v1.0.0 installed
2022-01-17 19:16:44.101 T:1554670464  NOTICE: ADDON: metadata.themoviedb.org v5.1.7 installed
2022-01-17 19:16:44.101 T:1554670464  NOTICE: ADDON: metadata.tvshows.themoviedb.org v3.1.0 installed
2022-01-17 19:16:44.101 T:1554670464  NOTICE: ADDON: os.libreelec.tv v9.2 installed
2022-01-17 19:16:44.101 T:1554670464  NOTICE: ADDON: os.openelec.tv v9.2 installed
2022-01-17 19:16:44.101 T:1554670464  NOTICE: ADDON: peripheral.joystick v1.4.9 installed
2022-01-17 19:16:44.101 T:1554670464  NOTICE: ADDON: repository.kodi.game v1.0.0 installed
2022-01-17 19:16:44.101 T:1554670464  NOTICE: ADDON: repository.libreelec.tv v9.2.0 installed
2022-01-17 19:16:44.101 T:1554670464  NOTICE: ADDON: repository.xbmc.org v3.1.6 installed
2022-01-17 19:16:44.101 T:1554670464  NOTICE: ADDON: resource.images.weathericons.default v1.1.8 installed
2022-01-17 19:16:44.102 T:1554670464  NOTICE: ADDON: resource.language.en_gb v2.0.1 installed
2022-01-17 19:16:44.102 T:1554670464  NOTICE: ADDON: resource.uisounds.kodi v1.0.0 installed
2022-01-17 19:16:44.102 T:1554670464  NOTICE: ADDON: screensaver.xbmc.builtin.black v1.0.33 installed
2022-01-17 19:16:44.102 T:1554670464  NOTICE: ADDON: screensaver.xbmc.builtin.dim v1.0.59 installed
2022-01-17 19:16:44.102 T:1554670464  NOTICE: ADDON: script.module.pil v1.1.7 installed
2022-01-17 19:16:44.102 T:1554670464  NOTICE: ADDON: script.module.pycryptodome v3.4.3 installed
2022-01-17 19:16:44.102 T:1554670464  NOTICE: ADDON: script.program.driverselect v0.1.6 installed
2022-01-17 19:16:44.102 T:1554670464  NOTICE: ADDON: service.libreelec.settings v9.0.0 installed
2022-01-17 19:16:44.102 T:1554670464  NOTICE: ADDON: skin.estuary v2.0.27 installed
2022-01-17 19:16:44.102 T:1554670464  NOTICE: ADDON: webinterface.default v18.x-2.4.6 installed
2022-01-17 19:16:44.102 T:1554670464  NOTICE: ADDON: xbmc.addon v18.9 installed
2022-01-17 19:16:44.102 T:1554670464  NOTICE: ADDON: xbmc.core v0.1.0 installed
2022-01-17 19:16:44.102 T:1554670464  NOTICE: ADDON: xbmc.gui v5.14.0 installed
2022-01-17 19:16:44.102 T:1554670464  NOTICE: ADDON: xbmc.json v10.3.0 installed
2022-01-17 19:16:44.102 T:1554670464  NOTICE: ADDON: xbmc.metadata v2.1.0 installed
2022-01-17 19:16:44.102 T:1554670464  NOTICE: ADDON: xbmc.python v2.26.0 installed
2022-01-17 19:16:44.102 T:1554670464  NOTICE: ADDON: xbmc.webinterface v1.0.0 installed
2022-01-17 19:16:48.484 T:1571455872  NOTICE: ADDON: audioencoder.kodi.builtin.aac v1.0.0 installed
2022-01-17 19:16:48.484 T:1571455872  NOTICE: ADDON: audioencoder.kodi.builtin.wma v1.0.0 installed
2022-01-17 19:16:48.484 T:1571455872  NOTICE: ADDON: driver.dvb.crazycat v9.2.0.0 installed
2022-01-17 19:16:48.484 T:1571455872  NOTICE: ADDON: driver.dvb.dvb-latest v9.2.0.0 installed
2022-01-17 19:16:48.485 T:1571455872  NOTICE: ADDON: game.controller.default v1.0.19 installed
2022-01-17 19:16:48.485 T:1571455872  NOTICE: ADDON: game.controller.snes v1.0.18 installed
2022-01-17 19:16:48.485 T:1571455872  NOTICE: ADDON: kodi.binary.global.audioengine v1.0.1 installed
2022-01-17 19:16:48.485 T:1571455872  NOTICE: ADDON: kodi.binary.global.filesystem v1.0.2 installed
2022-01-17 19:16:48.485 T:1571455872  NOTICE: ADDON: kodi.binary.global.general v1.0.3 installed
2022-01-17 19:16:48.485 T:1571455872  NOTICE: ADDON: kodi.binary.global.gui v5.12.0 installed
2022-01-17 19:16:48.485 T:1571455872  NOTICE: ADDON: kodi.binary.global.main v1.0.14 installed
2022-01-17 19:16:48.485 T:1571455872  NOTICE: ADDON: kodi.binary.global.network v1.0.0 installed
2022-01-17 19:16:48.485 T:1571455872  NOTICE: ADDON: kodi.binary.instance.audiodecoder v2.0.0 installed
2022-01-17 19:16:48.485 T:1571455872  NOTICE: ADDON: kodi.binary.instance.audioencoder v2.0.0 installed
2022-01-17 19:16:48.485 T:1571455872  NOTICE: ADDON: kodi.binary.instance.game v1.1.0 installed
2022-01-17 19:16:48.485 T:1571455872  NOTICE: ADDON: kodi.binary.instance.imagedecoder v2.0.0 installed
2022-01-17 19:16:48.485 T:1571455872  NOTICE: ADDON: kodi.binary.instance.inputstream v2.0.8 installed
2022-01-17 19:16:48.485 T:1571455872  NOTICE: ADDON: kodi.binary.instance.peripheral v1.3.7 installed
2022-01-17 19:16:48.485 T:1571455872  NOTICE: ADDON: kodi.binary.instance.pvr v5.10.3 installed
2022-01-17 19:16:48.485 T:1571455872  NOTICE: ADDON: kodi.binary.instance.screensaver v2.0.0 installed
2022-01-17 19:16:48.485 T:1571455872  NOTICE: ADDON: kodi.binary.instance.vfs v2.0.0 installed
2022-01-17 19:16:48.485 T:1571455872  NOTICE: ADDON: kodi.binary.instance.videocodec v1.0.1 installed
2022-01-17 19:16:48.485 T:1571455872  NOTICE: ADDON: kodi.binary.instance.visualization v2.0.1 installed
2022-01-17 19:16:48.485 T:1571455872  NOTICE: ADDON: kodi.resource v1.0.0 installed
2022-01-17 19:16:48.485 T:1571455872  NOTICE: ADDON: metadata.album.universal v3.1.6 installed
2022-01-17 19:16:48.485 T:1571455872  NOTICE: ADDON: metadata.artists.universal v4.3.6 installed
2022-01-17 19:16:48.485 T:1571455872  NOTICE: ADDON: metadata.common.allmusic.com v3.2.2 installed
2022-01-17 19:16:48.485 T:1571455872  NOTICE: ADDON: metadata.common.fanart.tv v3.6.3 installed
2022-01-17 19:16:48.485 T:1571455872  NOTICE: ADDON: metadata.common.imdb.com v3.2.4 installed
2022-01-17 19:16:48.485 T:1571455872  NOTICE: ADDON: metadata.common.musicbrainz.org v2.2.4 installed
2022-01-17 19:16:48.485 T:1571455872  NOTICE: ADDON: metadata.common.theaudiodb.com v2.0.3 installed
2022-01-17 19:16:48.485 T:1571455872  NOTICE: ADDON: metadata.common.themoviedb.org v3.2.17 installed
2022-01-17 19:16:48.485 T:1571455872  NOTICE: ADDON: metadata.local v1.0.0 installed
2022-01-17 19:16:48.485 T:1571455872  NOTICE: ADDON: metadata.themoviedb.org v5.2.6 installed
2022-01-17 19:16:48.485 T:1571455872  NOTICE: ADDON: metadata.tvshows.themoviedb.org v3.5.13 installed
2022-01-17 19:16:48.485 T:1571455872  NOTICE: ADDON: os.libreelec.tv v9.2 installed
2022-01-17 19:16:48.485 T:1571455872  NOTICE: ADDON: os.openelec.tv v9.2 installed
2022-01-17 19:16:48.486 T:1571455872  NOTICE: ADDON: peripheral.joystick v1.4.9 installed
2022-01-17 19:16:48.486 T:1571455872  NOTICE: ADDON: repository.kodi.game v1.0.0 installed
2022-01-17 19:16:48.486 T:1571455872  NOTICE: ADDON: repository.libreelec.tv v9.2.0 installed
2022-01-17 19:16:48.486 T:1571455872  NOTICE: ADDON: repository.xbmc.org v3.1.6 installed
2022-01-17 19:16:48.486 T:1571455872  NOTICE: ADDON: resource.images.weathericons.default v1.1.8 installed
2022-01-17 19:16:48.486 T:1571455872  NOTICE: ADDON: resource.language.en_gb v2.0.1 installed
2022-01-17 19:16:48.486 T:1571455872  NOTICE: ADDON: resource.uisounds.kodi v1.0.0 installed
2022-01-17 19:16:48.486 T:1571455872  NOTICE: ADDON: screensaver.xbmc.builtin.black v1.0.33 installed
2022-01-17 19:16:48.486 T:1571455872  NOTICE: ADDON: screensaver.xbmc.builtin.dim v1.0.59 installed
2022-01-17 19:16:48.486 T:1571455872  NOTICE: ADDON: script.module.pil v1.1.7 installed
2022-01-17 19:16:48.486 T:1571455872  NOTICE: ADDON: script.module.pycryptodome v3.4.3 installed
2022-01-17 19:16:48.486 T:1571455872  NOTICE: ADDON: script.program.driverselect v0.1.6 installed
2022-01-17 19:16:48.486 T:1571455872  NOTICE: ADDON: service.libreelec.settings v9.0.0 installed
2022-01-17 19:16:48.486 T:1571455872  NOTICE: ADDON: skin.estuary v2.0.27 installed
2022-01-17 19:16:48.486 T:1571455872  NOTICE: ADDON: webinterface.default v18.x-2.4.6 installed
2022-01-17 19:16:48.486 T:1571455872  NOTICE: ADDON: xbmc.addon v18.9 installed
2022-01-17 19:16:48.486 T:1571455872  NOTICE: ADDON: xbmc.core v0.1.0 installed
2022-01-17 19:16:48.486 T:1571455872  NOTICE: ADDON: xbmc.gui v5.14.0 installed
2022-01-17 19:16:48.486 T:1571455872  NOTICE: ADDON: xbmc.json v10.3.0 installed
2022-01-17 19:16:48.486 T:1571455872  NOTICE: ADDON: xbmc.metadata v2.1.0 installed
2022-01-17 19:16:48.486 T:1571455872  NOTICE: ADDON: xbmc.python v2.26.0 installed
2022-01-17 19:16:48.486 T:1571455872  NOTICE: ADDON: xbmc.webinterface v1.0.0 installed
2022-01-17 19:18:57.030 T:1554670464 WARNING: COMXImageFile::GetCodingType progressive images not supported by decoder
2022-01-17 19:18:57.584 T:1554670464 WARNING: Previous line repeats 1 times.
2022-01-17 19:18:57.585 T:1554670464  NOTICE: LoadJpeg: unable to load http://mirrors.kodi.tv/addons/leia/plugin.video.zdf_de_2016/fanart.jpg
2022-01-17 19:18:57.977 T:1599783808   ERROR: CCurlFile::Stat - Failed: Couldn't resolve host name(6) for http://mirrors.kodi.tv/addons/leia/plugin.video.zdf_de_lite/icon.png
2022-01-17 19:19:07.069 T:1554670464  NOTICE: ADDON: audioencoder.kodi.builtin.aac v1.0.0 installed
2022-01-17 19:19:07.069 T:1554670464  NOTICE: ADDON: audioencoder.kodi.builtin.wma v1.0.0 installed
2022-01-17 19:19:07.069 T:1554670464  NOTICE: ADDON: driver.dvb.crazycat v9.2.0.0 installed
2022-01-17 19:19:07.069 T:1554670464  NOTICE: ADDON: driver.dvb.dvb-latest v9.2.0.0 installed
2022-01-17 19:19:07.069 T:1554670464  NOTICE: ADDON: game.controller.default v1.0.19 installed
2022-01-17 19:19:07.069 T:1554670464  NOTICE: ADDON: game.controller.snes v1.0.18 installed
2022-01-17 19:19:07.069 T:1554670464  NOTICE: ADDON: kodi.binary.global.audioengine v1.0.1 installed
2022-01-17 19:19:07.069 T:1554670464  NOTICE: ADDON: kodi.binary.global.filesystem v1.0.2 installed
2022-01-17 19:19:07.069 T:1554670464  NOTICE: ADDON: kodi.binary.global.general v1.0.3 installed
2022-01-17 19:19:07.069 T:1554670464  NOTICE: ADDON: kodi.binary.global.gui v5.12.0 installed
2022-01-17 19:19:07.069 T:1554670464  NOTICE: ADDON: kodi.binary.global.main v1.0.14 installed
2022-01-17 19:19:07.069 T:1554670464  NOTICE: ADDON: kodi.binary.global.network v1.0.0 installed
2022-01-17 19:19:07.069 T:1554670464  NOTICE: ADDON: kodi.binary.instance.audiodecoder v2.0.0 installed
2022-01-17 19:19:07.069 T:1554670464  NOTICE: ADDON: kodi.binary.instance.audioencoder v2.0.0 installed
2022-01-17 19:19:07.069 T:1554670464  NOTICE: ADDON: kodi.binary.instance.game v1.1.0 installed
2022-01-17 19:19:07.069 T:1554670464  NOTICE: ADDON: kodi.binary.instance.imagedecoder v2.0.0 installed
2022-01-17 19:19:07.070 T:1554670464  NOTICE: ADDON: kodi.binary.instance.inputstream v2.0.8 installed
2022-01-17 19:19:07.070 T:1554670464  NOTICE: ADDON: kodi.binary.instance.peripheral v1.3.7 installed
2022-01-17 19:19:07.070 T:1554670464  NOTICE: ADDON: kodi.binary.instance.pvr v5.10.3 installed
2022-01-17 19:19:07.070 T:1554670464  NOTICE: ADDON: kodi.binary.instance.screensaver v2.0.0 installed
2022-01-17 19:19:07.070 T:1554670464  NOTICE: ADDON: kodi.binary.instance.vfs v2.0.0 installed
2022-01-17 19:19:07.070 T:1554670464  NOTICE: ADDON: kodi.binary.instance.videocodec v1.0.1 installed
2022-01-17 19:19:07.070 T:1554670464  NOTICE: ADDON: kodi.binary.instance.visualization v2.0.1 installed
2022-01-17 19:19:07.070 T:1554670464  NOTICE: ADDON: kodi.resource v1.0.0 installed
2022-01-17 19:19:07.070 T:1554670464  NOTICE: ADDON: metadata.album.universal v3.1.6 installed
2022-01-17 19:19:07.070 T:1554670464  NOTICE: ADDON: metadata.artists.universal v4.3.6 installed
2022-01-17 19:19:07.070 T:1554670464  NOTICE: ADDON: metadata.common.allmusic.com v3.2.2 installed
2022-01-17 19:19:07.070 T:1554670464  NOTICE: ADDON: metadata.common.fanart.tv v3.6.3 installed
2022-01-17 19:19:07.070 T:1554670464  NOTICE: ADDON: metadata.common.imdb.com v3.2.4 installed
2022-01-17 19:19:07.070 T:1554670464  NOTICE: ADDON: metadata.common.musicbrainz.org v2.2.4 installed
2022-01-17 19:19:07.070 T:1554670464  NOTICE: ADDON: metadata.common.theaudiodb.com v2.0.3 installed
2022-01-17 19:19:07.070 T:1554670464  NOTICE: ADDON: metadata.common.themoviedb.org v3.2.17 installed
2022-01-17 19:19:07.070 T:1554670464  NOTICE: ADDON: metadata.local v1.0.0 installed
2022-01-17 19:19:07.070 T:1554670464  NOTICE: ADDON: metadata.themoviedb.org v5.2.6 installed
2022-01-17 19:19:07.070 T:1554670464  NOTICE: ADDON: metadata.tvshows.themoviedb.org v3.5.13 installed
2022-01-17 19:19:07.070 T:1554670464  NOTICE: ADDON: os.libreelec.tv v9.2 installed
2022-01-17 19:19:07.070 T:1554670464  NOTICE: ADDON: os.openelec.tv v9.2 installed
2022-01-17 19:19:07.070 T:1554670464  NOTICE: ADDON: peripheral.joystick v1.4.9 installed
2022-01-17 19:19:07.070 T:1554670464  NOTICE: ADDON: repository.kodi.game v1.0.0 installed
2022-01-17 19:19:07.070 T:1554670464  NOTICE: ADDON: repository.libreelec.tv v9.2.0 installed
2022-01-17 19:19:07.070 T:1554670464  NOTICE: ADDON: repository.xbmc.org v3.1.6 installed
2022-01-17 19:19:07.070 T:1554670464  NOTICE: ADDON: resource.images.weathericons.default v1.1.8 installed
2022-01-17 19:19:07.070 T:1554670464  NOTICE: ADDON: resource.language.en_gb v2.0.1 installed
2022-01-17 19:19:07.070 T:1554670464  NOTICE: ADDON: resource.uisounds.kodi v1.0.0 installed
2022-01-17 19:19:07.070 T:1554670464  NOTICE: ADDON: screensaver.xbmc.builtin.black v1.0.33 installed
2022-01-17 19:19:07.070 T:1554670464  NOTICE: ADDON: screensaver.xbmc.builtin.dim v1.0.59 installed
2022-01-17 19:19:07.070 T:1554670464  NOTICE: ADDON: script.module.libmediathek3 v1.5.0 installed
2022-01-17 19:19:07.070 T:1554670464  NOTICE: ADDON: script.module.pil v1.1.7 installed
2022-01-17 19:19:07.070 T:1554670464  NOTICE: ADDON: script.module.pycryptodome v3.4.3 installed
2022-01-17 19:19:07.070 T:1554670464  NOTICE: ADDON: script.program.driverselect v0.1.6 installed
2022-01-17 19:19:07.071 T:1554670464  NOTICE: ADDON: service.libreelec.settings v9.0.0 installed
2022-01-17 19:19:07.071 T:1554670464  NOTICE: ADDON: skin.estuary v2.0.27 installed
2022-01-17 19:19:07.071 T:1554670464  NOTICE: ADDON: webinterface.default v18.x-2.4.6 installed
2022-01-17 19:19:07.071 T:1554670464  NOTICE: ADDON: xbmc.addon v18.9 installed
2022-01-17 19:19:07.071 T:1554670464  NOTICE: ADDON: xbmc.core v0.1.0 installed
2022-01-17 19:19:07.071 T:1554670464  NOTICE: ADDON: xbmc.gui v5.14.0 installed
2022-01-17 19:19:07.071 T:1554670464  NOTICE: ADDON: xbmc.json v10.3.0 installed
2022-01-17 19:19:07.071 T:1554670464  NOTICE: ADDON: xbmc.metadata v2.1.0 installed
2022-01-17 19:19:07.071 T:1554670464  NOTICE: ADDON: xbmc.python v2.26.0 installed
2022-01-17 19:19:07.071 T:1554670464  NOTICE: ADDON: xbmc.webinterface v1.0.0 installed
2022-01-17 19:19:07.289 T:1554670464  NOTICE: ADDON: audioencoder.kodi.builtin.aac v1.0.0 installed
2022-01-17 19:19:07.289 T:1554670464  NOTICE: ADDON: audioencoder.kodi.builtin.wma v1.0.0 installed
2022-01-17 19:19:07.289 T:1554670464  NOTICE: ADDON: driver.dvb.crazycat v9.2.0.0 installed
2022-01-17 19:19:07.289 T:1554670464  NOTICE: ADDON: driver.dvb.dvb-latest v9.2.0.0 installed
2022-01-17 19:19:07.289 T:1554670464  NOTICE: ADDON: game.controller.default v1.0.19 installed
2022-01-17 19:19:07.289 T:1554670464  NOTICE: ADDON: game.controller.snes v1.0.18 installed
2022-01-17 19:19:07.289 T:1554670464  NOTICE: ADDON: kodi.binary.global.audioengine v1.0.1 installed
2022-01-17 19:19:07.289 T:1554670464  NOTICE: ADDON: kodi.binary.global.filesystem v1.0.2 installed
2022-01-17 19:19:07.289 T:1554670464  NOTICE: ADDON: kodi.binary.global.general v1.0.3 installed
2022-01-17 19:19:07.289 T:1554670464  NOTICE: ADDON: kodi.binary.global.gui v5.12.0 installed
2022-01-17 19:19:07.289 T:1554670464  NOTICE: ADDON: kodi.binary.global.main v1.0.14 installed
2022-01-17 19:19:07.289 T:1554670464  NOTICE: ADDON: kodi.binary.global.network v1.0.0 installed
2022-01-17 19:19:07.289 T:1554670464  NOTICE: ADDON: kodi.binary.instance.audiodecoder v2.0.0 installed
2022-01-17 19:19:07.289 T:1554670464  NOTICE: ADDON: kodi.binary.instance.audioencoder v2.0.0 installed
2022-01-17 19:19:07.289 T:1554670464  NOTICE: ADDON: kodi.binary.instance.game v1.1.0 installed
2022-01-17 19:19:07.289 T:1554670464  NOTICE: ADDON: kodi.binary.instance.imagedecoder v2.0.0 installed
2022-01-17 19:19:07.289 T:1554670464  NOTICE: ADDON: kodi.binary.instance.inputstream v2.0.8 installed
2022-01-17 19:19:07.289 T:1554670464  NOTICE: ADDON: kodi.binary.instance.peripheral v1.3.7 installed
2022-01-17 19:19:07.290 T:1554670464  NOTICE: ADDON: kodi.binary.instance.pvr v5.10.3 installed
2022-01-17 19:19:07.290 T:1554670464  NOTICE: ADDON: kodi.binary.instance.screensaver v2.0.0 installed
2022-01-17 19:19:07.290 T:1554670464  NOTICE: ADDON: kodi.binary.instance.vfs v2.0.0 installed
2022-01-17 19:19:07.290 T:1554670464  NOTICE: ADDON: kodi.binary.instance.videocodec v1.0.1 installed
2022-01-17 19:19:07.290 T:1554670464  NOTICE: ADDON: kodi.binary.instance.visualization v2.0.1 installed
2022-01-17 19:19:07.290 T:1554670464  NOTICE: ADDON: kodi.resource v1.0.0 installed
2022-01-17 19:19:07.290 T:1554670464  NOTICE: ADDON: metadata.album.universal v3.1.6 installed
2022-01-17 19:19:07.290 T:1554670464  NOTICE: ADDON: metadata.artists.universal v4.3.6 installed
2022-01-17 19:19:07.290 T:1554670464  NOTICE: ADDON: metadata.common.allmusic.com v3.2.2 installed
2022-01-17 19:19:07.290 T:1554670464  NOTICE: ADDON: metadata.common.fanart.tv v3.6.3 installed
2022-01-17 19:19:07.290 T:1554670464  NOTICE: ADDON: metadata.common.imdb.com v3.2.4 installed
2022-01-17 19:19:07.290 T:1554670464  NOTICE: ADDON: metadata.common.musicbrainz.org v2.2.4 installed
2022-01-17 19:19:07.290 T:1554670464  NOTICE: ADDON: metadata.common.theaudiodb.com v2.0.3 installed
2022-01-17 19:19:07.290 T:1554670464  NOTICE: ADDON: metadata.common.themoviedb.org v3.2.17 installed
2022-01-17 19:19:07.290 T:1554670464  NOTICE: ADDON: metadata.local v1.0.0 installed
2022-01-17 19:19:07.290 T:1554670464  NOTICE: ADDON: metadata.themoviedb.org v5.2.6 installed
2022-01-17 19:19:07.290 T:1554670464  NOTICE: ADDON: metadata.tvshows.themoviedb.org v3.5.13 installed
2022-01-17 19:19:07.290 T:1554670464  NOTICE: ADDON: os.libreelec.tv v9.2 installed
2022-01-17 19:19:07.290 T:1554670464  NOTICE: ADDON: os.openelec.tv v9.2 installed
2022-01-17 19:19:07.290 T:1554670464  NOTICE: ADDON: peripheral.joystick v1.4.9 installed
2022-01-17 19:19:07.290 T:1554670464  NOTICE: ADDON: repository.kodi.game v1.0.0 installed
2022-01-17 19:19:07.290 T:1554670464  NOTICE: ADDON: repository.libreelec.tv v9.2.0 installed
2022-01-17 19:19:07.290 T:1554670464  NOTICE: ADDON: repository.xbmc.org v3.1.6 installed
2022-01-17 19:19:07.290 T:1554670464  NOTICE: ADDON: resource.images.weathericons.default v1.1.8 installed
2022-01-17 19:19:07.290 T:1554670464  NOTICE: ADDON: resource.language.en_gb v2.0.1 installed
2022-01-17 19:19:07.290 T:1554670464  NOTICE: ADDON: resource.uisounds.kodi v1.0.0 installed
2022-01-17 19:19:07.290 T:1554670464  NOTICE: ADDON: screensaver.xbmc.builtin.black v1.0.33 installed
2022-01-17 19:19:07.290 T:1554670464  NOTICE: ADDON: screensaver.xbmc.builtin.dim v1.0.59 installed
2022-01-17 19:19:07.290 T:1554670464  NOTICE: ADDON: script.module.libmediathek3 v1.5.0 installed
2022-01-17 19:19:07.290 T:1554670464  NOTICE: ADDON: script.module.libzdf v2.1.7 installed
2022-01-17 19:19:07.290 T:1554670464  NOTICE: ADDON: script.module.pil v1.1.7 installed
2022-01-17 19:19:07.290 T:1554670464  NOTICE: ADDON: script.module.pycryptodome v3.4.3 installed
2022-01-17 19:19:07.290 T:1554670464  NOTICE: ADDON: script.program.driverselect v0.1.6 installed
2022-01-17 19:19:07.291 T:1554670464  NOTICE: ADDON: service.libreelec.settings v9.0.0 installed
2022-01-17 19:19:07.291 T:1554670464  NOTICE: ADDON: skin.estuary v2.0.27 installed
2022-01-17 19:19:07.291 T:1554670464  NOTICE: ADDON: webinterface.default v18.x-2.4.6 installed
2022-01-17 19:19:07.291 T:1554670464  NOTICE: ADDON: xbmc.addon v18.9 installed
2022-01-17 19:19:07.291 T:1554670464  NOTICE: ADDON: xbmc.core v0.1.0 installed
2022-01-17 19:19:07.291 T:1554670464  NOTICE: ADDON: xbmc.gui v5.14.0 installed
2022-01-17 19:19:07.291 T:1554670464  NOTICE: ADDON: xbmc.json v10.3.0 installed
2022-01-17 19:19:07.291 T:1554670464  NOTICE: ADDON: xbmc.metadata v2.1.0 installed
2022-01-17 19:19:07.291 T:1554670464  NOTICE: ADDON: xbmc.python v2.26.0 installed
2022-01-17 19:19:07.291 T:1554670464  NOTICE: ADDON: xbmc.webinterface v1.0.0 installed
2022-01-17 19:19:07.533 T:1554670464  NOTICE: ADDON: audioencoder.kodi.builtin.aac v1.0.0 installed
2022-01-17 19:19:07.533 T:1554670464  NOTICE: ADDON: audioencoder.kodi.builtin.wma v1.0.0 installed
2022-01-17 19:19:07.533 T:1554670464  NOTICE: ADDON: driver.dvb.crazycat v9.2.0.0 installed
2022-01-17 19:19:07.533 T:1554670464  NOTICE: ADDON: driver.dvb.dvb-latest v9.2.0.0 installed
2022-01-17 19:19:07.533 T:1554670464  NOTICE: ADDON: game.controller.default v1.0.19 installed
2022-01-17 19:19:07.533 T:1554670464  NOTICE: ADDON: game.controller.snes v1.0.18 installed
2022-01-17 19:19:07.533 T:1554670464  NOTICE: ADDON: kodi.binary.global.audioengine v1.0.1 installed
2022-01-17 19:19:07.533 T:1554670464  NOTICE: ADDON: kodi.binary.global.filesystem v1.0.2 installed
2022-01-17 19:19:07.533 T:1554670464  NOTICE: ADDON: kodi.binary.global.general v1.0.3 installed
2022-01-17 19:19:07.533 T:1554670464  NOTICE: ADDON: kodi.binary.global.gui v5.12.0 installed
2022-01-17 19:19:07.533 T:1554670464  NOTICE: ADDON: kodi.binary.global.main v1.0.14 installed
2022-01-17 19:19:07.533 T:1554670464  NOTICE: ADDON: kodi.binary.global.network v1.0.0 installed
2022-01-17 19:19:07.534 T:1554670464  NOTICE: ADDON: kodi.binary.instance.audiodecoder v2.0.0 installed
2022-01-17 19:19:07.534 T:1554670464  NOTICE: ADDON: kodi.binary.instance.audioencoder v2.0.0 installed
2022-01-17 19:19:07.534 T:1554670464  NOTICE: ADDON: kodi.binary.instance.game v1.1.0 installed
2022-01-17 19:19:07.534 T:1554670464  NOTICE: ADDON: kodi.binary.instance.imagedecoder v2.0.0 installed
2022-01-17 19:19:07.534 T:1554670464  NOTICE: ADDON: kodi.binary.instance.inputstream v2.0.8 installed
2022-01-17 19:19:07.534 T:1554670464  NOTICE: ADDON: kodi.binary.instance.peripheral v1.3.7 installed
2022-01-17 19:19:07.534 T:1554670464  NOTICE: ADDON: kodi.binary.instance.pvr v5.10.3 installed
2022-01-17 19:19:07.534 T:1554670464  NOTICE: ADDON: kodi.binary.instance.screensaver v2.0.0 installed
2022-01-17 19:19:07.534 T:1554670464  NOTICE: ADDON: kodi.binary.instance.vfs v2.0.0 installed
2022-01-17 19:19:07.534 T:1554670464  NOTICE: ADDON: kodi.binary.instance.videocodec v1.0.1 installed
2022-01-17 19:19:07.534 T:1554670464  NOTICE: ADDON: kodi.binary.instance.visualization v2.0.1 installed
2022-01-17 19:19:07.534 T:1554670464  NOTICE: ADDON: kodi.resource v1.0.0 installed
2022-01-17 19:19:07.534 T:1554670464  NOTICE: ADDON: metadata.album.universal v3.1.6 installed
2022-01-17 19:19:07.534 T:1554670464  NOTICE: ADDON: metadata.artists.universal v4.3.6 installed
2022-01-17 19:19:07.534 T:1554670464  NOTICE: ADDON: metadata.common.allmusic.com v3.2.2 installed
2022-01-17 19:19:07.534 T:1554670464  NOTICE: ADDON: metadata.common.fanart.tv v3.6.3 installed
2022-01-17 19:19:07.534 T:1554670464  NOTICE: ADDON: metadata.common.imdb.com v3.2.4 installed
2022-01-17 19:19:07.534 T:1554670464  NOTICE: ADDON: metadata.common.musicbrainz.org v2.2.4 installed
2022-01-17 19:19:07.534 T:1554670464  NOTICE: ADDON: metadata.common.theaudiodb.com v2.0.3 installed
2022-01-17 19:19:07.534 T:1554670464  NOTICE: ADDON: metadata.common.themoviedb.org v3.2.17 installed
2022-01-17 19:19:07.534 T:1554670464  NOTICE: ADDON: metadata.local v1.0.0 installed
2022-01-17 19:19:07.534 T:1554670464  NOTICE: ADDON: metadata.themoviedb.org v5.2.6 installed
2022-01-17 19:19:07.534 T:1554670464  NOTICE: ADDON: metadata.tvshows.themoviedb.org v3.5.13 installed
2022-01-17 19:19:07.534 T:1554670464  NOTICE: ADDON: os.libreelec.tv v9.2 installed
2022-01-17 19:19:07.534 T:1554670464  NOTICE: ADDON: os.openelec.tv v9.2 installed
2022-01-17 19:19:07.534 T:1554670464  NOTICE: ADDON: peripheral.joystick v1.4.9 installed
2022-01-17 19:19:07.534 T:1554670464  NOTICE: ADDON: plugin.video.zdf_de_lite v4.0.0 installed
2022-01-17 19:19:07.534 T:1554670464  NOTICE: ADDON: repository.kodi.game v1.0.0 installed
2022-01-17 19:19:07.534 T:1554670464  NOTICE: ADDON: repository.libreelec.tv v9.2.0 installed
2022-01-17 19:19:07.534 T:1554670464  NOTICE: ADDON: repository.xbmc.org v3.1.6 installed
2022-01-17 19:19:07.534 T:1554670464  NOTICE: ADDON: resource.images.weathericons.default v1.1.8 installed
2022-01-17 19:19:07.535 T:1554670464  NOTICE: ADDON: resource.language.en_gb v2.0.1 installed
2022-01-17 19:19:07.535 T:1554670464  NOTICE: ADDON: resource.uisounds.kodi v1.0.0 installed
2022-01-17 19:19:07.535 T:1554670464  NOTICE: ADDON: screensaver.xbmc.builtin.black v1.0.33 installed
2022-01-17 19:19:07.535 T:1554670464  NOTICE: ADDON: screensaver.xbmc.builtin.dim v1.0.59 installed
2022-01-17 19:19:07.535 T:1554670464  NOTICE: ADDON: script.module.libmediathek3 v1.5.0 installed
2022-01-17 19:19:07.535 T:1554670464  NOTICE: ADDON: script.module.libzdf v2.1.7 installed
2022-01-17 19:19:07.535 T:1554670464  NOTICE: ADDON: script.module.pil v1.1.7 installed
2022-01-17 19:19:07.535 T:1554670464  NOTICE: ADDON: script.module.pycryptodome v3.4.3 installed
2022-01-17 19:19:07.535 T:1554670464  NOTICE: ADDON: script.program.driverselect v0.1.6 installed
2022-01-17 19:19:07.535 T:1554670464  NOTICE: ADDON: service.libreelec.settings v9.0.0 installed
2022-01-17 19:19:07.535 T:1554670464  NOTICE: ADDON: skin.estuary v2.0.27 installed
2022-01-17 19:19:07.535 T:1554670464  NOTICE: ADDON: webinterface.default v18.x-2.4.6 installed
2022-01-17 19:19:07.535 T:1554670464  NOTICE: ADDON: xbmc.addon v18.9 installed
2022-01-17 19:19:07.535 T:1554670464  NOTICE: ADDON: xbmc.core v0.1.0 installed
2022-01-17 19:19:07.535 T:1554670464  NOTICE: ADDON: xbmc.gui v5.14.0 installed
2022-01-17 19:19:07.535 T:1554670464  NOTICE: ADDON: xbmc.json v10.3.0 installed
2022-01-17 19:19:07.535 T:1554670464  NOTICE: ADDON: xbmc.metadata v2.1.0 installed
2022-01-17 19:19:07.535 T:1554670464  NOTICE: ADDON: xbmc.python v2.26.0 installed
2022-01-17 19:19:07.535 T:1554670464  NOTICE: ADDON: xbmc.webinterface v1.0.0 installed
2022-01-17 19:19:07.785 T:1937502784 WARNING: CGUIMediaWindow::OnMessage - updating in progress
2022-01-17 19:19:14.863 T:1554670464 WARNING: Previous line repeats 2 times.
2022-01-17 19:19:14.863 T:1554670464 WARNING: COMXImageFile::GetCodingType progressive images not supported by decoder
2022-01-17 19:19:19.868 T:1571455872 WARNING: Previous line repeats 2 times.
2022-01-17 19:19:19.868 T:1571455872  NOTICE: LoadJpeg: unable to load http://mirrors.kodi.tv/addons/leia/plugin.video.zdf_de_lite/fanart.jpg
2022-01-17 19:19:27.637 T:1554670464 WARNING: COMXImageFile::GetCodingType progressive images not supported by decoder
2022-01-17 19:19:27.637 T:1554670464  NOTICE: LoadJpeg: unable to load http://mirrors.kodi.tv/addons/leia/plugin.video.ad6/resources/media/ad6_large.jpg
2022-01-17 19:20:49.233 T:1599783808   ERROR: CCurlFile::FillBuffer - Failed: Couldn't resolve host name(6)
2022-01-17 19:22:41.236 T:1571455872   ERROR: CCurlFile::Stat - Failed: Timeout was reached(28) for http://mirrors.kodi.tv/addons/leia/plugin.video.golem.de/icon.png
2022-01-17 19:24:21.191 T:1571455872   ERROR: CCurlFile::FillBuffer - Failed: Couldn't resolve host name(6)
2022-01-17 19:24:24.219 T:1571455872   ERROR: CCurlFile::Stat - Failed: Couldn't resolve host name(6) for http://mirrors.kodi.tv/addons/leia/plugin.video.nasa/icon.png
2022-01-17 19:24:58.658 T:1554670464   ERROR: CCurlFile::Stat - Failed: Couldn't resolve host name(6) for http://mirrors.kodi.tv/addons/leia/plugin.onedrive/icon.png
2022-01-17 19:25:34.692 T:1571455872   ERROR: CCurlFile::Stat - Failed: Timeout was reached(28) for http://mirrors.kodi.tv/addons/leia/plugin.video.photocasts/icon.png
2022-01-17 19:27:37.777 T:1571455872   ERROR: CCurlFile::Stat - Failed: Couldn't resolve host name(6) for http://mirrors.kodi.tv/addons/leia/plugin.video.tagesschau/icon.png
2022-01-17 19:28:31.099 T:1571455872   ERROR: CCurlFile::Stat - Failed: Timeout was reached(28) for http://mirrors.kodi.tv/addons/leia/plugin.video.infographics/icon.png
2022-01-17 19:29:48.520 T:1554670464   ERROR: CCurlFile::Stat - Failed: Timeout was reached(28) for http://mirrors.kodi.tv/addons/leia/plugin.video.docu/icon.png
2022-01-17 19:31:16.497 T:1554670464   ERROR: CCurlFile::Stat - Failed: Timeout was reached(28) for http://mirrors.kodi.tv/addons/leia/plugin.video.wdrrockpalast/icon.png
